<?xml version="1.0" encoding="UTF-8"?>
<coverage generated="1762361420259" clover="3.2.0">
  <project timestamp="1762361420260" name="All files">
    <metrics statements="80" coveredstatements="60" conditionals="46" coveredconditionals="36" methods="24" coveredmethods="19" elements="150" coveredelements="115" complexity="0" loc="80" ncloc="80" packages="4" files="11" classes="11"/>
    <package name="src">
      <metrics statements="18" coveredstatements="0" conditionals="6" coveredconditionals="0" methods="3" coveredmethods="0"/>
      <file name="Layout.jsx" path="C:\Users\aandreol\DEV_WEB\Marvel\marvel-app\src\Layout.jsx">
        <metrics statements="2" coveredstatements="0" conditionals="0" coveredconditionals="0" methods="1" coveredmethods="0"/>
        <line num="4" count="0" type="stmt"/>
        <line num="5" count="0" type="stmt"/>
      </file>
      <file name="script.js" path="C:\Users\aandreol\DEV_WEB\Marvel\marvel-app\src\script.js">
        <metrics statements="16" coveredstatements="0" conditionals="6" coveredconditionals="0" methods="2" coveredmethods="0"/>
        <line num="3" count="0" type="stmt"/>
        <line num="4" count="0" type="stmt"/>
        <line num="5" count="0" type="cond" truecount="0" falsecount="2"/>
        <line num="6" count="0" type="stmt"/>
        <line num="8" count="0" type="stmt"/>
        <line num="9" count="0" type="stmt"/>
        <line num="12" count="0" type="stmt"/>
        <line num="13" count="0" type="cond" truecount="0" falsecount="4"/>
        <line num="14" count="0" type="stmt"/>
        <line num="15" count="0" type="stmt"/>
        <line num="16" count="0" type="stmt"/>
        <line num="17" count="0" type="stmt"/>
        <line num="18" count="0" type="stmt"/>
        <line num="21" count="0" type="stmt"/>
        <line num="23" count="0" type="stmt"/>
        <line num="28" count="0" type="stmt"/>
      </file>
    </package>
    <package name="src.api">
      <metrics statements="18" coveredstatements="18" conditionals="17" coveredconditionals="14" methods="5" coveredmethods="5"/>
      <file name="characters-api.js" path="C:\Users\aandreol\DEV_WEB\Marvel\marvel-app\src\api\characters-api.js">
        <metrics statements="18" coveredstatements="18" conditionals="17" coveredconditionals="14" methods="5" coveredmethods="5"/>
        <line num="10" count="1" type="cond" truecount="3" falsecount="0"/>
        <line num="11" count="4" type="stmt"/>
        <line num="12" count="4" type="cond" truecount="2" falsecount="0"/>
        <line num="13" count="2" type="stmt"/>
        <line num="14" count="7" type="cond" truecount="1" falsecount="1"/>
        <line num="15" count="7" type="cond" truecount="1" falsecount="1"/>
        <line num="16" count="7" type="cond" truecount="2" falsecount="0"/>
        <line num="20" count="2" type="cond" truecount="1" falsecount="1"/>
        <line num="21" count="2" type="stmt"/>
        <line num="22" count="7" type="stmt"/>
        <line num="23" count="7" type="stmt"/>
        <line num="24" count="7" type="cond" truecount="2" falsecount="0"/>
        <line num="27" count="4" type="stmt"/>
        <line num="36" count="1" type="stmt"/>
        <line num="37" count="4" type="stmt"/>
        <line num="39" count="2" type="cond" truecount="2" falsecount="0"/>
        <line num="40" count="1" type="stmt"/>
        <line num="43" count="1" type="stmt"/>
      </file>
    </package>
    <package name="src.components">
      <metrics statements="13" coveredstatements="13" conditionals="19" coveredconditionals="18" methods="4" coveredmethods="4"/>
      <file name="CharacterDetail.jsx" path="C:\Users\aandreol\DEV_WEB\Marvel\marvel-app\src\components\CharacterDetail.jsx">
        <metrics statements="6" coveredstatements="6" conditionals="13" coveredconditionals="12" methods="1" coveredmethods="1"/>
        <line num="1" count="1" type="stmt"/>
        <line num="2" count="7" type="cond" truecount="2" falsecount="0"/>
        <line num="3" count="2" type="stmt"/>
        <line num="8" count="5" type="cond" truecount="5" falsecount="0"/>
        <line num="15" count="5" type="cond" truecount="1" falsecount="1"/>
        <line num="25" count="5" type="stmt"/>
      </file>
      <file name="CharactersList.jsx" path="C:\Users\aandreol\DEV_WEB\Marvel\marvel-app\src\components\CharactersList.jsx">
        <metrics statements="2" coveredstatements="2" conditionals="1" coveredconditionals="1" methods="2" coveredmethods="2"/>
        <line num="4" count="5" type="stmt"/>
        <line num="21" count="7" type="stmt"/>
      </file>
      <file name="NumberOfCharacters.jsx" path="C:\Users\aandreol\DEV_WEB\Marvel\marvel-app\src\components\NumberOfCharacters.jsx">
        <metrics statements="5" coveredstatements="5" conditionals="5" coveredconditionals="5" methods="1" coveredmethods="1"/>
        <line num="8" count="5" type="cond" truecount="2" falsecount="0"/>
        <line num="9" count="2" type="stmt"/>
        <line num="13" count="3" type="cond" truecount="2" falsecount="0"/>
        <line num="14" count="1" type="stmt"/>
        <line num="18" count="2" type="stmt"/>
      </file>
    </package>
    <package name="src.pages">
      <metrics statements="31" coveredstatements="29" conditionals="4" coveredconditionals="4" methods="12" coveredmethods="10"/>
      <file name="AboutPage.jsx" path="C:\Users\aandreol\DEV_WEB\Marvel\marvel-app\src\pages\AboutPage.jsx">
        <metrics statements="3" coveredstatements="3" conditionals="0" coveredconditionals="0" methods="2" coveredmethods="2"/>
        <line num="4" count="2" type="stmt"/>
        <line num="5" count="2" type="stmt"/>
        <line num="8" count="2" type="stmt"/>
      </file>
      <file name="CharacterDetailPage.jsx" path="C:\Users\aandreol\DEV_WEB\Marvel\marvel-app\src\pages\CharacterDetailPage.jsx">
        <metrics statements="6" coveredstatements="6" conditionals="0" coveredconditionals="0" methods="2" coveredmethods="2"/>
        <line num="5" count="1" type="stmt"/>
        <line num="6" count="2" type="stmt"/>
        <line num="8" count="2" type="stmt"/>
        <line num="10" count="2" type="stmt"/>
        <line num="12" count="2" type="stmt"/>
        <line num="15" count="2" type="stmt"/>
      </file>
      <file name="CharactersPage.jsx" path="C:\Users\aandreol\DEV_WEB\Marvel\marvel-app\src\pages\CharactersPage.jsx">
        <metrics statements="16" coveredstatements="14" conditionals="4" coveredconditionals="4" methods="5" coveredmethods="3"/>
        <line num="6" count="1" type="stmt"/>
        <line num="10" count="1" type="stmt"/>
        <line num="15" count="1" type="stmt"/>
        <line num="17" count="1" type="stmt"/>
        <line num="20" count="1" type="stmt"/>
        <line num="21" count="1" type="stmt"/>
        <line num="22" count="1" type="stmt"/>
        <line num="24" count="1" type="cond" truecount="2" falsecount="0"/>
        <line num="25" count="1" type="cond" truecount="2" falsecount="0"/>
        <line num="28" count="1" type="stmt"/>
        <line num="29" count="0" type="stmt"/>
        <line num="31" count="1" type="stmt"/>
        <line num="32" count="0" type="stmt"/>
        <line num="35" count="1" type="stmt"/>
        <line num="69" count="2" type="stmt"/>
        <line num="77" count="2" type="stmt"/>
      </file>
      <file name="ContactPage.jsx" path="C:\Users\aandreol\DEV_WEB\Marvel\marvel-app\src\pages\ContactPage.jsx">
        <metrics statements="3" coveredstatements="3" conditionals="0" coveredconditionals="0" methods="2" coveredmethods="2"/>
        <line num="4" count="2" type="stmt"/>
        <line num="5" count="2" type="stmt"/>
        <line num="8" count="2" type="stmt"/>
      </file>
      <file name="NotFoundPage.jsx" path="C:\Users\aandreol\DEV_WEB\Marvel\marvel-app\src\pages\NotFoundPage.jsx">
        <metrics statements="3" coveredstatements="3" conditionals="0" coveredconditionals="0" methods="1" coveredmethods="1"/>
        <line num="1" count="1" type="stmt"/>
        <line num="3" count="2" type="stmt"/>
        <line num="5" count="2" type="stmt"/>
      </file>
    </package>
  </project>
</coverage>
