{"C:\\Users\\aandreol\\DEV_WEB\\Marvel\\marvel-app\\src\\App.jsx": {"path":"C:\\Users\\aandreol\\DEV_WEB\\Marvel\\marvel-app\\src\\App.jsx","statementMap":{"0":{"start":{"line":34,"column":15},"end":{"line":34,"column":42}},"1":{"start":{"line":37,"column":2},"end":{"line":41,"column":4}}},"fnMap":{"0":{"name":"App","decl":{"start":{"line":36,"column":9},"end":{"line":36,"column":12}},"loc":{"start":{"line":36,"column":15},"end":{"line":42,"column":1}},"line":36}},"branchMap":{},"s":{"0":0,"1":0},"f":{"0":0},"b":{}}
,"C:\\Users\\aandreol\\DEV_WEB\\Marvel\\marvel-app\\src\\Layout.jsx": {"path":"C:\\Users\\aandreol\\DEV_WEB\\Marvel\\marvel-app\\src\\Layout.jsx","statementMap":{"0":{"start":{"line":3,"column":15},"end":{"line":22,"column":1}},"1":{"start":{"line":4,"column":4},"end":{"line":21,"column":6}}},"fnMap":{"0":{"name":"(anonymous_0)","decl":{"start":{"line":3,"column":15},"end":{"line":3,"column":16}},"loc":{"start":{"line":3,"column":21},"end":{"line":22,"column":1}},"line":3}},"branchMap":{},"s":{"0":0,"1":0},"f":{"0":0},"b":{}}
,"C:\\Users\\aandreol\\DEV_WEB\\Marvel\\marvel-app\\src\\main.jsx": {"path":"C:\\Users\\aandreol\\DEV_WEB\\Marvel\\marvel-app\\src\\main.jsx","statementMap":{"0":{"start":{"line":6,"column":0},"end":{"line":10,"column":1}}},"fnMap":{},"branchMap":{},"s":{"0":0},"f":{},"b":{}}
,"C:\\Users\\aandreol\\DEV_WEB\\Marvel\\marvel-app\\src\\routes.js": {"path":"C:\\Users\\aandreol\\DEV_WEB\\Marvel\\marvel-app\\src\\routes.js","statementMap":{"0":{"start":{"line":11,"column":15},"end":{"line":49,"column":1}},"1":{"start":{"line":21,"column":10},"end":{"line":21,"column":55}},"2":{"start":{"line":29,"column":10},"end":{"line":29,"column":45}}},"fnMap":{"0":{"name":"(anonymous_0)","decl":{"start":{"line":19,"column":16},"end":{"line":19,"column":17}},"loc":{"start":{"line":19,"column":28},"end":{"line":22,"column":9}},"line":19},"1":{"name":"(anonymous_1)","decl":{"start":{"line":28,"column":16},"end":{"line":28,"column":17}},"loc":{"start":{"line":28,"column":32},"end":{"line":30,"column":9}},"line":28}},"branchMap":{},"s":{"0":0,"1":0,"2":0},"f":{"0":0,"1":0},"b":{}}
,"C:\\Users\\aandreol\\DEV_WEB\\Marvel\\marvel-app\\src\\script.js": {"path":"C:\\Users\\aandreol\\DEV_WEB\\Marvel\\marvel-app\\src\\script.js","statementMap":{"0":{"start":{"line":3,"column":4},"end":{"line":24,"column":5}},"1":{"start":{"line":4,"column":25},"end":{"line":4,"column":82}},"2":{"start":{"line":5,"column":8},"end":{"line":7,"column":9}},"3":{"start":{"line":6,"column":12},"end":{"line":6,"column":74}},"4":{"start":{"line":8,"column":21},"end":{"line":8,"column":42}},"5":{"start":{"line":9,"column":8},"end":{"line":9,"column":49}},"6":{"start":{"line":12,"column":19},"end":{"line":12,"column":56}},"7":{"start":{"line":13,"column":8},"end":{"line":20,"column":9}},"8":{"start":{"line":14,"column":12},"end":{"line":14,"column":30}},"9":{"start":{"line":15,"column":12},"end":{"line":19,"column":15}},"10":{"start":{"line":16,"column":27},"end":{"line":16,"column":55}},"11":{"start":{"line":17,"column":16},"end":{"line":17,"column":43}},"12":{"start":{"line":18,"column":16},"end":{"line":18,"column":35}},"13":{"start":{"line":21,"column":8},"end":{"line":21,"column":20}},"14":{"start":{"line":23,"column":8},"end":{"line":23,"column":40}},"15":{"start":{"line":28,"column":0},"end":{"line":28,"column":16}}},"fnMap":{"0":{"name":"getCharacters","decl":{"start":{"line":2,"column":15},"end":{"line":2,"column":28}},"loc":{"start":{"line":2,"column":31},"end":{"line":25,"column":1}},"line":2},"1":{"name":"(anonymous_1)","decl":{"start":{"line":15,"column":25},"end":{"line":15,"column":26}},"loc":{"start":{"line":15,"column":38},"end":{"line":19,"column":13}},"line":15}},"branchMap":{"0":{"loc":{"start":{"line":5,"column":8},"end":{"line":7,"column":9}},"type":"if","locations":[{"start":{"line":5,"column":8},"end":{"line":7,"column":9}},{"start":{},"end":{}}],"line":5},"1":{"loc":{"start":{"line":13,"column":8},"end":{"line":20,"column":9}},"type":"if","locations":[{"start":{"line":13,"column":8},"end":{"line":20,"column":9}},{"start":{},"end":{}}],"line":13},"2":{"loc":{"start":{"line":13,"column":12},"end":{"line":13,"column":37}},"type":"binary-expr","locations":[{"start":{"line":13,"column":12},"end":{"line":13,"column":14}},{"start":{"line":13,"column":18},"end":{"line":13,"column":37}}],"line":13}},"s":{"0":0,"1":0,"2":0,"3":0,"4":0,"5":0,"6":0,"7":0,"8":0,"9":0,"10":0,"11":0,"12":0,"13":0,"14":0,"15":0},"f":{"0":0,"1":0},"b":{"0":[0,0],"1":[0,0],"2":[0,0]}}
,"C:\\Users\\aandreol\\DEV_WEB\\Marvel\\marvel-app\\src\\api\\characters-api.js": {"path":"C:\\Users\\aandreol\\DEV_WEB\\Marvel\\marvel-app\\src\\api\\characters-api.js","statementMap":{"0":{"start":{"line":7,"column":29},"end":{"line":9,"column":1}},"1":{"start":{"line":8,"column":2},"end":{"line":8,"column":20}},"2":{"start":{"line":17,"column":32},"end":{"line":25,"column":1}},"3":{"start":{"line":18,"column":20},"end":{"line":18,"column":69}},"4":{"start":{"line":18,"column":49},"end":{"line":18,"column":68}},"5":{"start":{"line":20,"column":2},"end":{"line":22,"column":3}},"6":{"start":{"line":21,"column":4},"end":{"line":21,"column":59}},"7":{"start":{"line":24,"column":2},"end":{"line":24,"column":19}}},"fnMap":{"0":{"name":"(anonymous_0)","decl":{"start":{"line":7,"column":29},"end":{"line":7,"column":30}},"loc":{"start":{"line":7,"column":35},"end":{"line":9,"column":1}},"line":7},"1":{"name":"(anonymous_1)","decl":{"start":{"line":17,"column":32},"end":{"line":17,"column":33}},"loc":{"start":{"line":17,"column":40},"end":{"line":25,"column":1}},"line":17},"2":{"name":"(anonymous_2)","decl":{"start":{"line":18,"column":36},"end":{"line":18,"column":37}},"loc":{"start":{"line":18,"column":49},"end":{"line":18,"column":68}},"line":18}},"branchMap":{"0":{"loc":{"start":{"line":20,"column":2},"end":{"line":22,"column":3}},"type":"if","locations":[{"start":{"line":20,"column":2},"end":{"line":22,"column":3}},{"start":{},"end":{}}],"line":20}},"s":{"0":1,"1":0,"2":1,"3":0,"4":0,"5":0,"6":0,"7":0},"f":{"0":0,"1":0,"2":0},"b":{"0":[0,0]},"_coverageSchema":"1a1c01bbd47fc00a2c39e90264f33305004495a9","hash":"f77ae9e73b9977cb0fff98f39454a1bb4361ce32"}
,"C:\\Users\\aandreol\\DEV_WEB\\Marvel\\marvel-app\\src\\components\\CharacterDetail.jsx": {"path":"C:\\Users\\aandreol\\DEV_WEB\\Marvel\\marvel-app\\src\\components\\CharacterDetail.jsx","statementMap":{"0":{"start":{"line":1,"column":24},"end":{"line":68,"column":1}},"1":{"start":{"line":2,"column":4},"end":{"line":4,"column":5}},"2":{"start":{"line":3,"column":8},"end":{"line":3,"column":42}},"3":{"start":{"line":7,"column":21},"end":{"line":9,"column":14}},"4":{"start":{"line":12,"column":26},"end":{"line":20,"column":15}},"5":{"start":{"line":22,"column":4},"end":{"line":67,"column":6}}},"fnMap":{"0":{"name":"(anonymous_0)","decl":{"start":{"line":1,"column":24},"end":{"line":1,"column":25}},"loc":{"start":{"line":1,"column":43},"end":{"line":68,"column":1}},"line":1}},"branchMap":{"0":{"loc":{"start":{"line":2,"column":4},"end":{"line":4,"column":5}},"type":"if","locations":[{"start":{"line":2,"column":4},"end":{"line":4,"column":5}},{"start":{},"end":{}}],"line":2},"1":{"loc":{"start":{"line":7,"column":21},"end":{"line":9,"column":14}},"type":"cond-expr","locations":[{"start":{"line":8,"column":10},"end":{"line":8,"column":72}},{"start":{"line":9,"column":10},"end":{"line":9,"column":14}}],"line":7},"2":{"loc":{"start":{"line":12,"column":26},"end":{"line":20,"column":15}},"type":"cond-expr","locations":[{"start":{"line":13,"column":10},"end":{"line":19,"column":10}},{"start":{"line":20,"column":10},"end":{"line":20,"column":15}}],"line":12},"3":{"loc":{"start":{"line":37,"column":13},"end":{"line":49,"column":13}},"type":"binary-expr","locations":[{"start":{"line":37,"column":13},"end":{"line":37,"column":21}},{"start":{"line":38,"column":16},"end":{"line":48,"column":18}}],"line":37},"4":{"loc":{"start":{"line":60,"column":47},"end":{"line":60,"column":98}},"type":"binary-expr","locations":[{"start":{"line":60,"column":47},"end":{"line":60,"column":68}},{"start":{"line":60,"column":72},"end":{"line":60,"column":98}}],"line":60}},"s":{"0":0,"1":0,"2":0,"3":0,"4":0,"5":0},"f":{"0":0},"b":{"0":[0,0],"1":[0,0],"2":[0,0],"3":[0,0],"4":[0,0]}}
,"C:\\Users\\aandreol\\DEV_WEB\\Marvel\\marvel-app\\src\\components\\CharactersList.jsx": {"path":"C:\\Users\\aandreol\\DEV_WEB\\Marvel\\marvel-app\\src\\components\\CharactersList.jsx","statementMap":{"0":{"start":{"line":4,"column":2},"end":{"line":29,"column":4}},"1":{"start":{"line":21,"column":10},"end":{"line":25,"column":15}}},"fnMap":{"0":{"name":"CharactersList","decl":{"start":{"line":3,"column":9},"end":{"line":3,"column":23}},"loc":{"start":{"line":3,"column":45},"end":{"line":30,"column":1}},"line":3},"1":{"name":"(anonymous_1)","decl":{"start":{"line":20,"column":24},"end":{"line":20,"column":25}},"loc":{"start":{"line":21,"column":10},"end":{"line":25,"column":15}},"line":21}},"branchMap":{"0":{"loc":{"start":{"line":3,"column":26},"end":{"line":3,"column":41}},"type":"default-arg","locations":[{"start":{"line":3,"column":39},"end":{"line":3,"column":41}}],"line":3}},"s":{"0":1,"1":2},"f":{"0":1,"1":2},"b":{"0":[0]},"_coverageSchema":"1a1c01bbd47fc00a2c39e90264f33305004495a9","hash":"6027d0e7d8fcf3d2bc926f57a724091fd4a70643"}
,"C:\\Users\\aandreol\\DEV_WEB\\Marvel\\marvel-app\\src\\components\\NumberOfCharacters.jsx": {"path":"C:\\Users\\aandreol\\DEV_WEB\\Marvel\\marvel-app\\src\\components\\NumberOfCharacters.jsx","statementMap":{"0":{"start":{"line":8,"column":4},"end":{"line":10,"column":5}},"1":{"start":{"line":9,"column":6},"end":{"line":9,"column":42}},"2":{"start":{"line":13,"column":4},"end":{"line":15,"column":5}},"3":{"start":{"line":14,"column":6},"end":{"line":14,"column":41}},"4":{"start":{"line":18,"column":4},"end":{"line":18,"column":59}}},"fnMap":{"0":{"name":"NumberOfCharacters","decl":{"start":{"line":6,"column":24},"end":{"line":6,"column":42}},"loc":{"start":{"line":6,"column":64},"end":{"line":19,"column":1}},"line":6}},"branchMap":{"0":{"loc":{"start":{"line":6,"column":45},"end":{"line":6,"column":60}},"type":"default-arg","locations":[{"start":{"line":6,"column":58},"end":{"line":6,"column":60}}],"line":6},"1":{"loc":{"start":{"line":8,"column":4},"end":{"line":10,"column":5}},"type":"if","locations":[{"start":{"line":8,"column":4},"end":{"line":10,"column":5}},{"start":{},"end":{}}],"line":8},"2":{"loc":{"start":{"line":13,"column":4},"end":{"line":15,"column":5}},"type":"if","locations":[{"start":{"line":13,"column":4},"end":{"line":15,"column":5}},{"start":{},"end":{}}],"line":13}},"s":{"0":1,"1":0,"2":1,"3":0,"4":1},"f":{"0":1},"b":{"0":[0],"1":[0,1],"2":[0,1]},"_coverageSchema":"1a1c01bbd47fc00a2c39e90264f33305004495a9","hash":"2e7fed2e17d5ff9fd72fa7af3954da9004e082ec"}
,"C:\\Users\\aandreol\\DEV_WEB\\Marvel\\marvel-app\\src\\pages\\AboutPage.jsx": {"path":"C:\\Users\\aandreol\\DEV_WEB\\Marvel\\marvel-app\\src\\pages\\AboutPage.jsx","statementMap":{"0":{"start":{"line":4,"column":2},"end":{"line":6,"column":9}},"1":{"start":{"line":5,"column":4},"end":{"line":5,"column":42}},"2":{"start":{"line":8,"column":2},"end":{"line":17,"column":4}}},"fnMap":{"0":{"name":"AboutPage","decl":{"start":{"line":3,"column":9},"end":{"line":3,"column":18}},"loc":{"start":{"line":3,"column":21},"end":{"line":18,"column":1}},"line":3},"1":{"name":"(anonymous_1)","decl":{"start":{"line":4,"column":12},"end":{"line":4,"column":13}},"loc":{"start":{"line":4,"column":18},"end":{"line":6,"column":3}},"line":4}},"branchMap":{},"s":{"0":0,"1":0,"2":0},"f":{"0":0,"1":0},"b":{}}
,"C:\\Users\\aandreol\\DEV_WEB\\Marvel\\marvel-app\\src\\pages\\CharacterDetailPage.jsx": {"path":"C:\\Users\\aandreol\\DEV_WEB\\Marvel\\marvel-app\\src\\pages\\CharacterDetailPage.jsx","statementMap":{"0":{"start":{"line":5,"column":28},"end":{"line":21,"column":1}},"1":{"start":{"line":6,"column":23},"end":{"line":6,"column":38}},"2":{"start":{"line":8,"column":4},"end":{"line":8,"column":27}},"3":{"start":{"line":10,"column":4},"end":{"line":13,"column":20}},"4":{"start":{"line":12,"column":8},"end":{"line":12,"column":58}},"5":{"start":{"line":15,"column":4},"end":{"line":20,"column":6}}},"fnMap":{"0":{"name":"(anonymous_0)","decl":{"start":{"line":5,"column":28},"end":{"line":5,"column":29}},"loc":{"start":{"line":5,"column":34},"end":{"line":21,"column":1}},"line":5},"1":{"name":"(anonymous_1)","decl":{"start":{"line":10,"column":14},"end":{"line":10,"column":15}},"loc":{"start":{"line":10,"column":20},"end":{"line":13,"column":5}},"line":10}},"branchMap":{},"s":{"0":0,"1":0,"2":0,"3":0,"4":0,"5":0},"f":{"0":0,"1":0},"b":{}}
,"C:\\Users\\aandreol\\DEV_WEB\\Marvel\\marvel-app\\src\\pages\\CharactersPage.jsx": {"path":"C:\\Users\\aandreol\\DEV_WEB\\Marvel\\marvel-app\\src\\pages\\CharactersPage.jsx","statementMap":{"0":{"start":{"line":6,"column":23},"end":{"line":21,"column":1}},"1":{"start":{"line":8,"column":4},"end":{"line":8,"column":47}},"2":{"start":{"line":11,"column":27},"end":{"line":11,"column":42}},"3":{"start":{"line":13,"column":4},"end":{"line":20,"column":6}}},"fnMap":{"0":{"name":"(anonymous_0)","decl":{"start":{"line":6,"column":23},"end":{"line":6,"column":24}},"loc":{"start":{"line":6,"column":29},"end":{"line":21,"column":1}},"line":6}},"branchMap":{},"s":{"0":1,"1":1,"2":1,"3":1},"f":{"0":1},"b":{},"_coverageSchema":"1a1c01bbd47fc00a2c39e90264f33305004495a9","hash":"04350fc74f98fe13f3cdc1bfb3287058b2eb345e"}
,"C:\\Users\\aandreol\\DEV_WEB\\Marvel\\marvel-app\\src\\pages\\ContactPage.jsx": {"path":"C:\\Users\\aandreol\\DEV_WEB\\Marvel\\marvel-app\\src\\pages\\ContactPage.jsx","statementMap":{"0":{"start":{"line":4,"column":2},"end":{"line":6,"column":9}},"1":{"start":{"line":5,"column":4},"end":{"line":5,"column":44}},"2":{"start":{"line":8,"column":2},"end":{"line":17,"column":4}}},"fnMap":{"0":{"name":"ContactPage","decl":{"start":{"line":3,"column":9},"end":{"line":3,"column":20}},"loc":{"start":{"line":3,"column":23},"end":{"line":18,"column":1}},"line":3},"1":{"name":"(anonymous_1)","decl":{"start":{"line":4,"column":12},"end":{"line":4,"column":13}},"loc":{"start":{"line":4,"column":18},"end":{"line":6,"column":3}},"line":4}},"branchMap":{},"s":{"0":0,"1":0,"2":0},"f":{"0":0,"1":0},"b":{}}
,"C:\\Users\\aandreol\\DEV_WEB\\Marvel\\marvel-app\\src\\pages\\NotFoundPage.jsx": {"path":"C:\\Users\\aandreol\\DEV_WEB\\Marvel\\marvel-app\\src\\pages\\NotFoundPage.jsx","statementMap":{"0":{"start":{"line":1,"column":21},"end":{"line":11,"column":1}},"1":{"start":{"line":3,"column":4},"end":{"line":3,"column":44}},"2":{"start":{"line":5,"column":4},"end":{"line":10,"column":6}}},"fnMap":{"0":{"name":"(anonymous_0)","decl":{"start":{"line":1,"column":21},"end":{"line":1,"column":22}},"loc":{"start":{"line":1,"column":27},"end":{"line":11,"column":1}},"line":1}},"branchMap":{},"s":{"0":0,"1":0,"2":0},"f":{"0":0},"b":{}}
}
