TN:
SF:src\Layout.jsx
FN:4,(anonymous_0)
FNF:1
FNH:0
FNDA:0,(anonymous_0)
DA:4,0
DA:5,0
LF:2
LH:0
BRF:0
BRH:0
end_of_record
TN:
SF:src\script.js
FN:2,getCharacters
FN:15,(anonymous_1)
FNF:2
FNH:0
FNDA:0,getCharacters
FNDA:0,(anonymous_1)
DA:3,0
DA:4,0
DA:5,0
DA:6,0
DA:8,0
DA:9,0
DA:12,0
DA:13,0
DA:14,0
DA:15,0
DA:16,0
DA:17,0
DA:18,0
DA:21,0
DA:23,0
DA:28,0
LF:16
LH:0
BRDA:5,0,0,0
BRDA:5,0,1,0
BRDA:13,1,0,0
BRDA:13,1,1,0
BRDA:13,2,0,0
BRDA:13,2,1,0
BRF:6
BRH:0
end_of_record
TN:
SF:src\api\characters-api.js
FN:10,(anonymous_0)
FN:13,(anonymous_1)
FN:21,(anonymous_2)
FN:36,(anonymous_3)
FN:37,(anonymous_4)
FNF:5
FNH:5
FNDA:4,(anonymous_0)
FNDA:7,(anonymous_1)
FNDA:7,(anonymous_2)
FNDA:2,(anonymous_3)
FNDA:4,(anonymous_4)
DA:10,1
DA:11,4
DA:12,4
DA:13,2
DA:14,7
DA:15,7
DA:16,7
DA:20,2
DA:21,2
DA:22,7
DA:23,7
DA:24,7
DA:27,4
DA:36,1
DA:37,4
DA:39,2
DA:40,1
DA:43,1
LF:18
LH:18
BRDA:10,0,0,1
BRDA:10,1,0,1
BRDA:10,2,0,1
BRDA:12,3,0,2
BRDA:12,3,1,2
BRDA:14,4,0,0
BRDA:14,4,1,7
BRDA:15,5,0,0
BRDA:15,5,1,7
BRDA:16,6,0,3
BRDA:16,6,1,4
BRDA:20,7,0,2
BRDA:20,7,1,0
BRDA:24,8,0,4
BRDA:24,8,1,3
BRDA:39,9,0,1
BRDA:39,9,1,1
BRF:17
BRH:14
end_of_record
TN:
SF:src\components\CharacterDetail.jsx
FN:1,(anonymous_0)
FNF:1
FNH:1
FNDA:7,(anonymous_0)
DA:1,1
DA:2,7
DA:3,2
DA:8,5
DA:15,5
DA:25,5
LF:6
LH:6
BRDA:2,0,0,2
BRDA:2,0,1,5
BRDA:8,1,0,3
BRDA:8,1,1,2
BRDA:8,2,0,5
BRDA:8,2,1,3
BRDA:8,2,2,3
BRDA:15,3,0,5
BRDA:15,3,1,0
BRDA:40,4,0,5
BRDA:40,4,1,3
BRDA:63,5,0,5
BRDA:63,5,1,2
BRF:13
BRH:12
end_of_record
TN:
SF:src\components\CharactersList.jsx
FN:3,CharactersList
FN:20,(anonymous_1)
FNF:2
FNH:2
FNDA:5,CharactersList
FNDA:7,(anonymous_1)
DA:4,5
DA:21,7
LF:2
LH:2
BRDA:3,0,0,1
BRF:1
BRH:1
end_of_record
TN:
SF:src\components\NumberOfCharacters.jsx
FN:6,NumberOfCharacters
FNF:1
FNH:1
FNDA:5,NumberOfCharacters
DA:8,5
DA:9,2
DA:13,3
DA:14,1
DA:18,2
LF:5
LH:5
BRDA:6,0,0,1
BRDA:8,1,0,2
BRDA:8,1,1,3
BRDA:13,2,0,1
BRDA:13,2,1,2
BRF:5
BRH:5
end_of_record
TN:
SF:src\pages\AboutPage.jsx
FN:3,AboutPage
FN:4,(anonymous_1)
FNF:2
FNH:2
FNDA:2,AboutPage
FNDA:2,(anonymous_1)
DA:4,2
DA:5,2
DA:8,2
LF:3
LH:3
BRF:0
BRH:0
end_of_record
TN:
SF:src\pages\CharacterDetailPage.jsx
FN:5,(anonymous_0)
FN:10,(anonymous_1)
FNF:2
FNH:2
FNDA:2,(anonymous_0)
FNDA:2,(anonymous_1)
DA:5,1
DA:6,2
DA:8,2
DA:10,2
DA:12,2
DA:15,2
LF:6
LH:6
BRF:0
BRH:0
end_of_record
TN:
SF:src\pages\CharactersPage.jsx
FN:15,(anonymous_0)
FN:28,(anonymous_1)
FN:31,(anonymous_2)
FN:68,(anonymous_3)
FN:76,(anonymous_4)
FNF:5
FNH:3
FNDA:1,(anonymous_0)
FNDA:0,(anonymous_1)
FNDA:0,(anonymous_2)
FNDA:2,(anonymous_3)
FNDA:2,(anonymous_4)
DA:6,1
DA:10,1
DA:15,1
DA:17,1
DA:20,1
DA:21,1
DA:22,1
DA:24,1
DA:25,1
DA:28,1
DA:29,0
DA:31,1
DA:32,0
DA:35,1
DA:69,2
DA:77,2
LF:16
LH:14
BRDA:24,0,0,1
BRDA:24,0,1,1
BRDA:25,1,0,1
BRDA:25,1,1,1
BRF:4
BRH:4
end_of_record
TN:
SF:src\pages\ContactPage.jsx
FN:3,ContactPage
FN:4,(anonymous_1)
FNF:2
FNH:2
FNDA:2,ContactPage
FNDA:2,(anonymous_1)
DA:4,2
DA:5,2
DA:8,2
LF:3
LH:3
BRF:0
BRH:0
end_of_record
TN:
SF:src\pages\NotFoundPage.jsx
FN:1,(anonymous_0)
FNF:1
FNH:1
FNDA:2,(anonymous_0)
DA:1,1
DA:3,2
DA:5,2
LF:3
LH:3
BRF:0
BRH:0
end_of_record
